<?xml version="1.0" encoding="UTF-8"?>
<!-- Generated by org.testng.reporters.JUnitReportReporter -->
<testsuite hostname="DESKTOP-L85S4IG" failures="0" tests="2" name="TestCases.LoginTestCases" time="65.915" errors="0" timestamp="2023-09-16T19:59:17 IST" skipped="0">
  <testcase classname="TestCases.LoginTestCases" name="verifyValidLogin" time="40.888"/>
  <testcase classname="TestCases.LoginTestCases" name="verifyInValidLogin" time="25.027"/>
</testsuite> <!-- TestCases.LoginTestCases -->
