<?xml version="1.0" encoding="UTF-8"?>
<!-- Generated by org.testng.reporters.JUnitReportReporter -->
<testsuite hostname="DESKTOP-L85S4IG" failures="0" tests="1" name="TestCases.MyInfoTestCases" time="63.131" errors="0" timestamp="2023-09-16T20:30:52 IST" skipped="0">
  <testcase classname="TestCases.MyInfoTestCases" name="fillPersonalDetails" time="63.131"/>
</testsuite> <!-- TestCases.MyInfoTestCases -->
